<?xml version="1.0" encoding="UTF-8" ?>
<testsuite tests="20" failures="0" name="br.lincoln.runnes.Runner2Test" time="0.002" errors="0" skipped="0">
  <properties>
[...]
</properties>
  <testcase classname="Cenario: Deve alugar um filme com sucesso" name="Dado um filme" time="0.001"/>
  <testcase classname="Cenario: Deve alugar um filme com sucesso" name="E que o preço de aluguel seja R$ 3" time="0"/>
  <testcase classname="Cenario: Deve alugar um filme com sucesso" name="Quando alugar" time="0"/>
  <testcase classname="Cenario: Deve alugar um filme com sucesso" name="Então o preço do aluguel sera R$ 3" time="0"/>
  <testcase classname="Cenario: Deve alugar um filme com sucesso" name="E a data de entrega sera em 1 dia" time="0"/>
  <testcase classname="Cenario: Deve alugar um filme com sucesso" name="E o estoque do filme será 1 unidades" time="0"/>
  <testcase classname="Cenario: Deve alugar um filme com sucesso" name="Cenario: Deve alugar um filme com sucesso" time="0.001"/>
  <testcase classname="Cenario: Não deve alugar filme sem estoque" name="Dado um filme com estoque de 0 unidades" time="0"/>
  <testcase classname="Cenario: Não deve alugar filme sem estoque" name="Quando alugar" time="0"/>
  <testcase classname="Cenario: Não deve alugar filme sem estoque" name="Então não será possível por falta de estoque" time="0"/>
  <testcase classname="Cenario: Não deve alugar filme sem estoque" name="E o estoque do filme será 0 unidades" time="0"/>
  <testcase classname="Cenario: Não deve alugar filme sem estoque" name="Cenario: Não deve alugar filme sem estoque" time="0"/>
  <testcase classname="| 4 | extendido | 8 | 3 | 2 |" name="Dado um filme com estoque de 2 unidades" time="0"/>
  <testcase classname="| 4 | extendido | 8 | 3 | 2 |" name="E que o preço de aluguel seja R$ 4" time="0"/>
  <testcase classname="| 4 | extendido | 8 | 3 | 2 |" name="E que o tipo do aluguel seja extendido" time="0"/>
  <testcase classname="| 4 | extendido | 8 | 3 | 2 |" name="Quando alugar" time="0"/>
  <testcase classname="| 4 | extendido | 8 | 3 | 2 |" name="Então o preço do aluguel sera R$ 8" time="0"/>
  <testcase classname="| 4 | extendido | 8 | 3 | 2 |" name="E a data de entrega sera em 3 dias" time="0"/>
  <testcase classname="| 4 | extendido | 8 | 3 | 2 |" name="E a pontuacao sera de 2 pontos" time="0"/>
  <testcase classname="| 4 | extendido | 8 | 3 | 2 |" name="| 4 | extendido | 8 | 3 | 2 |" time="0"/>
</testsuite>